c:\users\shadow\downloads\orbital.cc\orbital.cc\bin\win32\release\resolver.obj
c:\users\shadow\downloads\orbital.cc\orbital.cc\bin\win32\release\key_binds.obj
c:\users\shadow\downloads\orbital.cc\orbital.cc\bin\win32\release\knifebot.obj
c:\users\shadow\downloads\orbital.cc\orbital.cc\bin\win32\release\player_esp.obj
c:\users\shadow\downloads\orbital.cc\orbital.cc\bin\win32\release\hooked_dme.obj
c:\users\shadow\downloads\orbital.cc\orbital.cc\bin\win32\release\hooked_ishltv.obj
c:\users\shadow\downloads\orbital.cc\orbital.cc\bin\win32\release\hooked_senddatagram.obj
c:\users\shadow\downloads\orbital.cc\orbital.cc\bin\win32\release\imgui_draw.obj
c:\users\shadow\downloads\orbital.cc\orbital.cc\bin\win32\release\clua.obj
c:\users\shadow\downloads\orbital.cc\orbital.cc\bin\win32\release\slowwalk.obj
c:\users\shadow\downloads\orbital.cc\orbital.cc\bin\win32\release\menu.obj
c:\users\shadow\downloads\orbital.cc\orbital.cc\bin\win32\release\bullet_tracers.obj
c:\users\shadow\downloads\orbital.cc\orbital.cc\bin\win32\release\grenade_warning.obj
c:\users\shadow\downloads\orbital.cc\orbital.cc\bin\win32\release\hooked_findmdl.obj
c:\users\shadow\downloads\orbital.cc\orbital.cc\bin\win32\release\hooked_painttraverse.obj
c:\users\shadow\downloads\orbital.cc\orbital.cc\bin\win32\release\code_editor.obj
c:\users\shadow\downloads\orbital.cc\orbital.cc\bin\win32\release\item_definitions.obj
c:\users\shadow\downloads\orbital.cc\orbital.cc\bin\win32\release\platform.obj
c:\users\shadow\downloads\orbital.cc\orbital.cc\bin\win32\release\render.obj
c:\users\shadow\downloads\orbital.cc\orbital.cc\bin\win32\release\math.obj
c:\users\shadow\downloads\orbital.cc\orbital.cc\bin\win32\release\animation_system.obj
c:\users\shadow\downloads\orbital.cc\orbital.cc\bin\win32\release\bunnyhop.obj
c:\users\shadow\downloads\orbital.cc\orbital.cc\bin\win32\release\spammers.obj
c:\users\shadow\downloads\orbital.cc\orbital.cc\bin\win32\release\grenadeprediction.obj
c:\users\shadow\downloads\orbital.cc\orbital.cc\bin\win32\release\hooked_beginframe.obj
c:\users\shadow\downloads\orbital.cc\orbital.cc\bin\win32\release\hooked_getmaterial.obj
c:\users\shadow\downloads\orbital.cc\orbital.cc\bin\win32\release\hooked_sceneend.obj
c:\users\shadow\downloads\orbital.cc\orbital.cc\bin\win32\release\imgui_demo.obj
c:\users\shadow\downloads\orbital.cc\orbital.cc\bin\win32\release\license.obj
c:\users\shadow\downloads\orbital.cc\orbital.cc\bin\win32\release\options.obj
c:\users\shadow\downloads\orbital.cc\orbital.cc\bin\win32\release\postproccessing.obj
c:\users\shadow\downloads\orbital.cc\orbital.cc\bin\win32\release\vector2d.obj
c:\users\shadow\downloads\orbital.cc\orbital.cc\bin\win32\release\vector4d.obj
c:\users\shadow\downloads\orbital.cc\orbital.cc\bin\win32\release\vmatrix.obj
c:\users\shadow\downloads\orbital.cc\orbital.cc\bin\win32\release\memory.obj
c:\users\shadow\downloads\orbital.cc\orbital.cc\bin\win32\release\threadtools.obj
c:\users\shadow\downloads\orbital.cc\orbital.cc\bin\win32\release\csgo.obj
c:\users\shadow\downloads\orbital.cc\orbital.cc\bin\win32\release\twofish.obj
c:\users\shadow\downloads\orbital.cc\orbital.cc\bin\win32\release\setup_bones.obj
c:\users\shadow\downloads\orbital.cc\orbital.cc\bin\win32\release\misc.obj
c:\users\shadow\downloads\orbital.cc\orbital.cc\bin\win32\release\zeusbot.obj
c:\users\shadow\downloads\orbital.cc\orbital.cc\bin\win32\release\configs.obj
c:\users\shadow\downloads\orbital.cc\orbital.cc\bin\win32\release\hooked_fsn.obj
c:\users\shadow\downloads\orbital.cc\orbital.cc\bin\win32\release\hooked_runcommand.obj
c:\users\shadow\downloads\orbital.cc\orbital.cc\bin\win32\release\imgui.obj
c:\users\shadow\downloads\orbital.cc\orbital.cc\bin\win32\release\logger.obj
c:\users\shadow\downloads\orbital.cc\orbital.cc\bin\win32\release\characterset.obj
c:\users\shadow\downloads\orbital.cc\orbital.cc\bin\win32\release\checksum_crc.obj
c:\users\shadow\downloads\orbital.cc\orbital.cc\bin\win32\release\checksum_md5.obj
c:\users\shadow\downloads\orbital.cc\orbital.cc\bin\win32\release\utlstring.obj
c:\users\shadow\downloads\orbital.cc\orbital.cc\bin\win32\release\ctx.obj
c:\users\shadow\downloads\orbital.cc\orbital.cc\bin\win32\release\util.obj
c:\users\shadow\downloads\orbital.cc\orbital.cc\bin\win32\release\local_animations.obj
c:\users\shadow\downloads\orbital.cc\orbital.cc\bin\win32\release\legitbot.obj
c:\users\shadow\downloads\orbital.cc\orbital.cc\bin\win32\release\aim.obj
c:\users\shadow\downloads\orbital.cc\orbital.cc\bin\win32\release\world_esp.obj
c:\users\shadow\downloads\orbital.cc\orbital.cc\bin\win32\release\hooked_events.obj
c:\users\shadow\downloads\orbital.cc\orbital.cc\bin\win32\release\hooked_overrideview.obj
c:\users\shadow\downloads\orbital.cc\orbital.cc\bin\win32\release\hooked_trace.obj
c:\users\shadow\downloads\orbital.cc\orbital.cc\bin\win32\release\imgui_impl_win32.obj
c:\users\shadow\downloads\orbital.cc\orbital.cc\bin\win32\release\skinchanger.obj
c:\users\shadow\downloads\orbital.cc\orbital.cc\bin\win32\release\convar.obj
c:\users\shadow\downloads\orbital.cc\orbital.cc\bin\win32\release\recv.obj
c:\users\shadow\downloads\orbital.cc\orbital.cc\bin\win32\release\backtrack.obj
c:\users\shadow\downloads\orbital.cc\orbital.cc\bin\win32\release\airstrafe.obj
c:\users\shadow\downloads\orbital.cc\orbital.cc\bin\win32\release\prediction_system.obj
c:\users\shadow\downloads\orbital.cc\orbital.cc\bin\win32\release\dormant_esp.obj
c:\users\shadow\downloads\orbital.cc\orbital.cc\bin\win32\release\hooks.obj
c:\users\shadow\downloads\orbital.cc\orbital.cc\bin\win32\release\hooked_postscreeneffects.obj
c:\users\shadow\downloads\orbital.cc\orbital.cc\bin\win32\release\vfunc_hook.obj
c:\users\shadow\downloads\orbital.cc\orbital.cc\bin\win32\release\imgui_widgets.obj
c:\users\shadow\downloads\orbital.cc\orbital.cc\bin\win32\release\color.obj
c:\users\shadow\downloads\orbital.cc\orbital.cc\bin\win32\release\structs.obj
c:\users\shadow\downloads\orbital.cc\orbital.cc\bin\win32\release\sha-256.obj
c:\users\shadow\downloads\orbital.cc\orbital.cc\bin\win32\release\etc_elements.obj
c:\users\shadow\downloads\orbital.cc\orbital.cc\bin\win32\release\fakelag.obj
c:\users\shadow\downloads\orbital.cc\orbital.cc\bin\win32\release\nav_elements.obj
c:\users\shadow\downloads\orbital.cc\orbital.cc\bin\win32\release\nightmode.obj
c:\users\shadow\downloads\orbital.cc\orbital.cc\bin\win32\release\hooked_createmove.obj
c:\users\shadow\downloads\orbital.cc\orbital.cc\bin\win32\release\hooked_listleavesinbox.obj
c:\users\shadow\downloads\orbital.cc\orbital.cc\bin\win32\release\hooked_player.obj
c:\users\shadow\downloads\orbital.cc\orbital.cc\bin\win32\release\imgui_freetype.obj
c:\users\shadow\downloads\orbital.cc\orbital.cc\bin\win32\release\cluahook.obj
c:\users\shadow\downloads\orbital.cc\orbital.cc\bin\win32\release\resolver_functions.obj
c:\users\shadow\downloads\orbital.cc\orbital.cc\bin\win32\release\custom_sounds.obj
c:\users\shadow\downloads\orbital.cc\orbital.cc\bin\win32\release\md5.obj
c:\users\shadow\downloads\orbital.cc\orbital.cc\bin\win32\release\netmanager.obj
c:\users\shadow\downloads\orbital.cc\orbital.cc\bin\win32\release\autowall.obj
c:\users\shadow\downloads\orbital.cc\orbital.cc\bin\win32\release\logs.obj
c:\users\shadow\downloads\orbital.cc\orbital.cc\bin\win32\release\antiaim.obj
c:\users\shadow\downloads\orbital.cc\orbital.cc\bin\win32\release\other_esp.obj
c:\users\shadow\downloads\orbital.cc\orbital.cc\bin\win32\release\hooked_drawfog.obj
c:\users\shadow\downloads\orbital.cc\orbital.cc\bin\win32\release\hooked_lockcursor.obj
c:\users\shadow\downloads\orbital.cc\orbital.cc\bin\win32\release\hooked_isconnected.obj
c:\users\shadow\downloads\orbital.cc\orbital.cc\bin\win32\release\imgui_impl_dx9.obj
c:\users\shadow\downloads\orbital.cc\orbital.cc\bin\win32\release\main.obj
c:\users\shadow\downloads\orbital.cc\orbital.cc\bin\win32\release\utlbuffer.obj
c:\users\shadow\downloads\orbital.cc\orbital.cc\bin\win32\release\draw_manager.obj
c:\users\shadow\downloads\orbital.cc\orbital.cc\bin\win32\release\vc142.pdb
c:\users\shadow\downloads\orbital.cc\orbital.cc\bin\win32\release\lapi.obj
c:\users\shadow\downloads\orbital.cc\orbital.cc\bin\win32\release\linit.obj
c:\users\shadow\downloads\orbital.cc\orbital.cc\bin\win32\release\loslib.obj
c:\users\shadow\downloads\orbital.cc\orbital.cc\bin\win32\release\luac.obj
c:\users\shadow\downloads\orbital.cc\orbital.cc\bin\win32\release\lauxlib.obj
c:\users\shadow\downloads\orbital.cc\orbital.cc\bin\win32\release\llex.obj
c:\users\shadow\downloads\orbital.cc\orbital.cc\bin\win32\release\lparser.obj
c:\users\shadow\downloads\orbital.cc\orbital.cc\bin\win32\release\ltm.obj
c:\users\shadow\downloads\orbital.cc\orbital.cc\bin\win32\release\lctype.obj
c:\users\shadow\downloads\orbital.cc\orbital.cc\bin\win32\release\ldo.obj
c:\users\shadow\downloads\orbital.cc\orbital.cc\bin\win32\release\lmem.obj
c:\users\shadow\downloads\orbital.cc\orbital.cc\bin\win32\release\lopcodes.obj
c:\users\shadow\downloads\orbital.cc\orbital.cc\bin\win32\release\ltable.obj
c:\users\shadow\downloads\orbital.cc\orbital.cc\bin\win32\release\lzio.obj
c:\users\shadow\downloads\orbital.cc\orbital.cc\bin\win32\release\lcorolib.obj
c:\users\shadow\downloads\orbital.cc\orbital.cc\bin\win32\release\lfunc.obj
c:\users\shadow\downloads\orbital.cc\orbital.cc\bin\win32\release\lobject.obj
c:\users\shadow\downloads\orbital.cc\orbital.cc\bin\win32\release\lutf8lib.obj
c:\users\shadow\downloads\orbital.cc\orbital.cc\bin\win32\release\lcode.obj
c:\users\shadow\downloads\orbital.cc\orbital.cc\bin\win32\release\lmathlib.obj
c:\users\shadow\downloads\orbital.cc\orbital.cc\bin\win32\release\lstring.obj
c:\users\shadow\downloads\orbital.cc\orbital.cc\bin\win32\release\ltablib.obj
c:\users\shadow\downloads\orbital.cc\orbital.cc\bin\win32\release\ldebug.obj
c:\users\shadow\downloads\orbital.cc\orbital.cc\bin\win32\release\ldump.obj
c:\users\shadow\downloads\orbital.cc\orbital.cc\bin\win32\release\loadlib.obj
c:\users\shadow\downloads\orbital.cc\orbital.cc\bin\win32\release\lbaselib.obj
c:\users\shadow\downloads\orbital.cc\orbital.cc\bin\win32\release\liolib.obj
c:\users\shadow\downloads\orbital.cc\orbital.cc\bin\win32\release\lstate.obj
c:\users\shadow\downloads\orbital.cc\orbital.cc\bin\win32\release\lundump.obj
c:\users\shadow\downloads\orbital.cc\orbital.cc\bin\win32\release\ldblib.obj
c:\users\shadow\downloads\orbital.cc\orbital.cc\bin\win32\release\lgc.obj
c:\users\shadow\downloads\orbital.cc\orbital.cc\bin\win32\release\lstrlib.obj
c:\users\shadow\downloads\orbital.cc\orbital.cc\bin\win32\release\lvm.obj
c:\users\shadow\downloads\orbital.cc\orbital.cc\build\win32\release\orbital.dll
c:\users\shadow\downloads\orbital.cc\orbital.cc\bin\win32\release\orbital.ipdb
c:\users\shadow\downloads\orbital.cc\orbital.cc\bin\win32\release\orbital.iobj
c:\users\shadow\downloads\orbital.cc\orbital.cc\build\win32\release\orbital.map
c:\users\shadow\downloads\orbital.cc\orbital.cc\build\win32\release\orbital.pdb
c:\users\shadow\downloads\orbital.cc\orbital.cc\bin\win32\release\orbital.tlog\cl.12448.write.1.tlog
c:\users\shadow\downloads\orbital.cc\orbital.cc\bin\win32\release\orbital.tlog\cl.command.1.tlog
c:\users\shadow\downloads\orbital.cc\orbital.cc\bin\win32\release\orbital.tlog\cl.read.1.tlog
c:\users\shadow\downloads\orbital.cc\orbital.cc\bin\win32\release\orbital.tlog\link.command.1.tlog
c:\users\shadow\downloads\orbital.cc\orbital.cc\bin\win32\release\orbital.tlog\link.read.1.tlog
c:\users\shadow\downloads\orbital.cc\orbital.cc\bin\win32\release\orbital.tlog\link.write.1.tlog
